<?xml version="1.0" encoding="UTF-8"?>
<!-- Generated by org.testng.reporters.JUnitReportReporter -->
<testsuite hostname="DESKTOP-1GP967V" failures="0" tests="1" name="pack_2.MySecondTEST" time="8.938" errors="0" timestamp="2022-04-07T21:49:42 EDT" skipped="0">
  <testcase classname="pack_2.MySecondTEST" name="driverQuit" time="8.938"/>
  <system-out/>
</testsuite> <!-- pack_2.MySecondTEST -->
