<?xml version="1.0" encoding="UTF-8"?>
<!-- Generated by org.testng.reporters.JUnitReportReporter -->
<testsuite hostname="DESKTOP-1GP967V" failures="0" tests="1" name="pack3.PractiquewebDriver" time="5.053" errors="0" timestamp="2022-04-19T20:25:59 EDT" skipped="0">
  <testcase classname="pack3.PractiquewebDriver" name="getDifferentValue" time="5.053"/>
  <system-out/>
</testsuite> <!-- pack3.PractiquewebDriver -->
