<?xml version="1.0" encoding="UTF-8"?>
<!-- Generated by org.testng.reporters.JUnitReportReporter -->
<testsuite hostname="DESKTOP-1GP967V" failures="0" tests="2" name="pack_2.Myfirstclass" time="79.260" errors="0" timestamp="2022-04-07T19:30:19 EDT" skipped="0">
  <testcase classname="pack_2.Myfirstclass" name="demo" time="18.158"/>
  <system-out/>
  <testcase classname="pack_2.Myfirstclass" name="dem" time="61.102"/>
  <system-out/>
</testsuite> <!-- pack_2.Myfirstclass -->
